0 info it worked if it ends with ok
1 verbose cli [ 'D:\\dev\\nodejs\\\\node.exe',
1 verbose cli   'D:\\dev\\nodejs\\node_modules\\npm\\bin\\npm-cli.js',
1 verbose cli   'install',
1 verbose cli   '-d' ]
2 info using npm@1.4.28
3 info using node@v0.10.35
4 verbose node symlink D:\dev\nodejs\\node.exe
5 error install Couldn't read dependencies
6 error package.json ENOENT, open 'D:\project\mygithub.com\note-exercise\nodejs\package.json'
6 error package.json This is most likely not a problem with npm itself.
6 error package.json npm can't find a package.json file in your current directory.
7 error System Windows_NT 6.1.7601
8 error command "D:\\dev\\nodejs\\\\node.exe" "D:\\dev\\nodejs\\node_modules\\npm\\bin\\npm-cli.js" "install" "-d"
9 error cwd D:\project\mygithub.com\note-exercise\nodejs
10 error node -v v0.10.35
11 error npm -v 1.4.28
12 error path D:\project\mygithub.com\note-exercise\nodejs\package.json
13 error code ENOPACKAGEJSON
14 error errno 34
15 verbose exit [ 34, true ]
